<?xml version="1.0" encoding="UTF-8"?>
<!-- Generated by org.testng.reporters.JUnitXMLReporter -->
<testsuite ignored="0" hostname="Sachin" failures="1" tests="1" name="Error validation test" time="35.132" errors="0" timestamp="2024-04-15T16:06:10 IST">
  <testcase classname="nagp.Tests.ErrorValidationsTest" name="redbusbooking" time="13.137">
    <failure type="java.lang.AssertionError" message="expected [//span[text()=&amp;apos;Wrong password. Try again or click Forgot password to reset it.&amp;apos;]] but found [Wrong password. Try again or click Forgot password to reset it.]">
      <![CDATA[java.lang.AssertionError: expected [//span[text()='Wrong password. Try again or click Forgot password to reset it.']] but found [Wrong password. Try again or click Forgot password to reset it.]
at nagp.Tests.ErrorValidationsTest.redbusbooking(ErrorValidationsTest.java:34)
at java.base/java.util.ArrayList.forEach(ArrayList.java:1511)
... Removed 33 stack frames]]>
    </failure>
  </testcase> <!-- redbusbooking -->
</testsuite> <!-- Error validation test -->
